<?xml version="1.0" encoding="UTF-8"?>
<coverage generated="1649594681247" clover="3.2.0">
  <project timestamp="1649594681247" name="All files">
    <metrics statements="11" coveredstatements="10" conditionals="8" coveredconditionals="6" methods="6" coveredmethods="3" elements="25" coveredelements="19" complexity="0" loc="11" ncloc="11" packages="5" files="8" classes="8"/>
    <package name="components.AuthLayout">
      <metrics statements="5" coveredstatements="4" conditionals="8" coveredconditionals="6" methods="3" coveredmethods="1"/>
      <file name="index.js" path="/Users/ruslanrerhiienko/PetProjects/listReactNative/src/components/AuthLayout/index.js">
        <metrics statements="5" coveredstatements="4" conditionals="8" coveredconditionals="6" methods="3" coveredmethods="1"/>
        <line num="9" count="1" type="stmt"/>
        <line num="10" count="2" type="stmt"/>
        <line num="11" count="0" type="stmt"/>
        <line num="15" count="2" type="stmt"/>
        <line num="40" count="1" type="stmt"/>
      </file>
      <file name="styles.js" path="/Users/ruslanrerhiienko/PetProjects/listReactNative/src/components/AuthLayout/styles.js">
        <metrics statements="0" coveredstatements="0" conditionals="0" coveredconditionals="0" methods="0" coveredmethods="0"/>
      </file>
    </package>
    <package name="components.CustomButton">
      <metrics statements="4" coveredstatements="4" conditionals="0" coveredconditionals="0" methods="2" coveredmethods="1"/>
      <file name="index.js" path="/Users/ruslanrerhiienko/PetProjects/listReactNative/src/components/CustomButton/index.js">
        <metrics statements="4" coveredstatements="4" conditionals="0" coveredconditionals="0" methods="2" coveredmethods="1"/>
        <line num="7" count="2" type="stmt"/>
        <line num="8" count="2" type="stmt"/>
        <line num="19" count="2" type="stmt"/>
        <line num="32" count="2" type="stmt"/>
      </file>
    </package>
    <package name="components.Loading">
      <metrics statements="2" coveredstatements="2" conditionals="0" coveredconditionals="0" methods="1" coveredmethods="1"/>
      <file name="index.js" path="/Users/ruslanrerhiienko/PetProjects/listReactNative/src/components/Loading/index.js">
        <metrics statements="1" coveredstatements="1" conditionals="0" coveredconditionals="0" methods="1" coveredmethods="1"/>
        <line num="9" count="1" type="stmt"/>
      </file>
      <file name="styles.js" path="/Users/ruslanrerhiienko/PetProjects/listReactNative/src/components/Loading/styles.js">
        <metrics statements="1" coveredstatements="1" conditionals="0" coveredconditionals="0" methods="0" coveredmethods="0"/>
        <line num="5" count="1" type="stmt"/>
      </file>
    </package>
    <package name="constants">
      <metrics statements="0" coveredstatements="0" conditionals="0" coveredconditionals="0" methods="0" coveredmethods="0"/>
      <file name="routesName.js" path="/Users/ruslanrerhiienko/PetProjects/listReactNative/src/constants/routesName.js">
        <metrics statements="0" coveredstatements="0" conditionals="0" coveredconditionals="0" methods="0" coveredmethods="0"/>
      </file>
      <file name="uiElementSize.js" path="/Users/ruslanrerhiienko/PetProjects/listReactNative/src/constants/uiElementSize.js">
        <metrics statements="0" coveredstatements="0" conditionals="0" coveredconditionals="0" methods="0" coveredmethods="0"/>
      </file>
    </package>
    <package name="styles">
      <metrics statements="0" coveredstatements="0" conditionals="0" coveredconditionals="0" methods="0" coveredmethods="0"/>
      <file name="colors.js" path="/Users/ruslanrerhiienko/PetProjects/listReactNative/src/styles/colors.js">
        <metrics statements="0" coveredstatements="0" conditionals="0" coveredconditionals="0" methods="0" coveredmethods="0"/>
      </file>
    </package>
  </project>
</coverage>
