{"/Users/ruslanrerhiienko/PetProjects/listReactNative/src/components/AuthLayout/index.js": {"path":"/Users/ruslanrerhiienko/PetProjects/listReactNative/src/components/AuthLayout/index.js","statementMap":{"0":{"start":{"line":9,"column":19},"end":{"line":38,"column":1}},"1":{"start":{"line":10,"column":25},"end":{"line":13,"column":5}},"2":{"start":{"line":11,"column":4},"end":{"line":13,"column":5}},"3":{"start":{"line":15,"column":2},"end":{"line":37,"column":4}},"4":{"start":{"line":40,"column":0},"end":{"line":43,"column":2}}},"fnMap":{"0":{"name":"(anonymous_0)","decl":{"start":{"line":9,"column":19},"end":{"line":9,"column":20}},"loc":{"start":{"line":9,"column":72},"end":{"line":38,"column":1}},"line":9},"1":{"name":"(anonymous_1)","decl":{"start":{"line":10,"column":25},"end":{"line":10,"column":26}},"loc":{"start":{"line":11,"column":4},"end":{"line":13,"column":5}},"line":11},"2":{"name":"(anonymous_2)","decl":{"start":{"line":41,"column":16},"end":{"line":41,"column":17}},"loc":{"start":{"line":41,"column":22},"end":{"line":41,"column":24}},"line":41}},"branchMap":{"0":{"loc":{"start":{"line":12,"column":6},"end":{"line":12,"column":72}},"type":"cond-expr","locations":[{"start":{"line":12,"column":16},"end":{"line":12,"column":46}},{"start":{"line":12,"column":49},"end":{"line":12,"column":72}}],"line":12},"1":{"loc":{"start":{"line":21,"column":7},"end":{"line":25,"column":7}},"type":"binary-expr","locations":[{"start":{"line":21,"column":7},"end":{"line":21,"column":14}},{"start":{"line":22,"column":8},"end":{"line":24,"column":27}}],"line":21},"2":{"loc":{"start":{"line":29,"column":14},"end":{"line":29,"column":43}},"type":"cond-expr","locations":[{"start":{"line":29,"column":24},"end":{"line":29,"column":31}},{"start":{"line":29,"column":34},"end":{"line":29,"column":43}}],"line":29},"3":{"loc":{"start":{"line":34,"column":40},"end":{"line":34,"column":70}},"type":"cond-expr","locations":[{"start":{"line":34,"column":51},"end":{"line":34,"column":58}},{"start":{"line":34,"column":61},"end":{"line":34,"column":70}}],"line":34}},"s":{"0":1,"1":2,"2":0,"3":2,"4":1},"f":{"0":2,"1":0,"2":0},"b":{"0":[0,0],"1":[2,1],"2":[1,1],"3":[1,1]},"_coverageSchema":"1a1c01bbd47fc00a2c39e90264f33305004495a9","hash":"81da2afaa123adb65632fd17b0fb4601af6ea00f"}
,"/Users/ruslanrerhiienko/PetProjects/listReactNative/src/components/AuthLayout/styles.js": {"path":"/Users/ruslanrerhiienko/PetProjects/listReactNative/src/components/AuthLayout/styles.js","statementMap":{},"fnMap":{},"branchMap":{},"s":{},"f":{},"b":{},"_coverageSchema":"1a1c01bbd47fc00a2c39e90264f33305004495a9","hash":"6b8a7ef5caf934111fd25062971016c0ca78902f"}
,"/Users/ruslanrerhiienko/PetProjects/listReactNative/src/components/CustomButton/index.js": {"path":"/Users/ruslanrerhiienko/PetProjects/listReactNative/src/components/CustomButton/index.js","statementMap":{"0":{"start":{"line":7,"column":21},"end":{"line":17,"column":1}},"1":{"start":{"line":8,"column":2},"end":{"line":16,"column":4}},"2":{"start":{"line":19,"column":15},"end":{"line":30,"column":2}},"3":{"start":{"line":32,"column":0},"end":{"line":35,"column":2}}},"fnMap":{"0":{"name":"(anonymous_0)","decl":{"start":{"line":7,"column":21},"end":{"line":7,"column":22}},"loc":{"start":{"line":7,"column":67},"end":{"line":17,"column":1}},"line":7},"1":{"name":"(anonymous_1)","decl":{"start":{"line":33,"column":11},"end":{"line":33,"column":12}},"loc":{"start":{"line":33,"column":17},"end":{"line":33,"column":19}},"line":33}},"branchMap":{},"s":{"0":2,"1":2,"2":2,"3":2},"f":{"0":2,"1":0},"b":{},"_coverageSchema":"1a1c01bbd47fc00a2c39e90264f33305004495a9","hash":"4b17a148d70e3f30184a02a1b9a087b20b5d5cb3"}
,"/Users/ruslanrerhiienko/PetProjects/listReactNative/src/components/Loading/index.js": {"path":"/Users/ruslanrerhiienko/PetProjects/listReactNative/src/components/Loading/index.js","statementMap":{"0":{"start":{"line":9,"column":2},"end":{"line":11,"column":9}}},"fnMap":{"0":{"name":"(anonymous_0)","decl":{"start":{"line":8,"column":15},"end":{"line":8,"column":16}},"loc":{"start":{"line":9,"column":2},"end":{"line":11,"column":9}},"line":9}},"branchMap":{},"s":{"0":1},"f":{"0":1},"b":{},"_coverageSchema":"1a1c01bbd47fc00a2c39e90264f33305004495a9","hash":"d5513091628b341d8e48f08ea119b942bd14b908"}
,"/Users/ruslanrerhiienko/PetProjects/listReactNative/src/components/Loading/styles.js": {"path":"/Users/ruslanrerhiienko/PetProjects/listReactNative/src/components/Loading/styles.js","statementMap":{"0":{"start":{"line":5,"column":29},"end":{"line":10,"column":1}}},"fnMap":{},"branchMap":{},"s":{"0":1},"f":{},"b":{},"_coverageSchema":"1a1c01bbd47fc00a2c39e90264f33305004495a9","hash":"02ff06d1825076c2702d1c4d8a45705efea60c86"}
,"/Users/ruslanrerhiienko/PetProjects/listReactNative/src/constants/routesName.js": {"path":"/Users/ruslanrerhiienko/PetProjects/listReactNative/src/constants/routesName.js","statementMap":{},"fnMap":{},"branchMap":{},"s":{},"f":{},"b":{},"_coverageSchema":"1a1c01bbd47fc00a2c39e90264f33305004495a9","hash":"9c0667aed0cc7e28a8b55c5d4aa41e4e08cec35c"}
,"/Users/ruslanrerhiienko/PetProjects/listReactNative/src/constants/uiElementSize.js": {"path":"/Users/ruslanrerhiienko/PetProjects/listReactNative/src/constants/uiElementSize.js","statementMap":{},"fnMap":{},"branchMap":{},"s":{},"f":{},"b":{},"_coverageSchema":"1a1c01bbd47fc00a2c39e90264f33305004495a9","hash":"6c0d147dc94cdd379f1a31960eb2d7fbfdae413b"}
,"/Users/ruslanrerhiienko/PetProjects/listReactNative/src/styles/colors.js": {"path":"/Users/ruslanrerhiienko/PetProjects/listReactNative/src/styles/colors.js","statementMap":{},"fnMap":{},"branchMap":{},"s":{},"f":{},"b":{},"_coverageSchema":"1a1c01bbd47fc00a2c39e90264f33305004495a9","hash":"fcff75be7dfe8f3f5fb6ceb19624866b63a06956"}
}
