TN:
SF:src/components/AuthLayout/index.js
FN:9,(anonymous_0)
FN:10,(anonymous_1)
FN:41,(anonymous_2)
FNF:3
FNH:1
FNDA:2,(anonymous_0)
FNDA:0,(anonymous_1)
FNDA:0,(anonymous_2)
DA:9,1
DA:10,2
DA:11,0
DA:15,2
DA:40,1
LF:5
LH:4
BRDA:12,0,0,0
BRDA:12,0,1,0
BRDA:21,1,0,2
BRDA:21,1,1,1
BRDA:29,2,0,1
BRDA:29,2,1,1
BRDA:34,3,0,1
BRDA:34,3,1,1
BRF:8
BRH:6
end_of_record
TN:
SF:src/components/AuthLayout/styles.js
FNF:0
FNH:0
LF:0
LH:0
BRF:0
BRH:0
end_of_record
TN:
SF:src/components/CustomButton/index.js
FN:7,(anonymous_0)
FN:33,(anonymous_1)
FNF:2
FNH:1
FNDA:2,(anonymous_0)
FNDA:0,(anonymous_1)
DA:7,2
DA:8,2
DA:19,2
DA:32,2
LF:4
LH:4
BRF:0
BRH:0
end_of_record
TN:
SF:src/components/Loading/index.js
FN:8,(anonymous_0)
FNF:1
FNH:1
FNDA:1,(anonymous_0)
DA:9,1
LF:1
LH:1
BRF:0
BRH:0
end_of_record
TN:
SF:src/components/Loading/styles.js
FNF:0
FNH:0
DA:5,1
LF:1
LH:1
BRF:0
BRH:0
end_of_record
TN:
SF:src/constants/routesName.js
FNF:0
FNH:0
LF:0
LH:0
BRF:0
BRH:0
end_of_record
TN:
SF:src/constants/uiElementSize.js
FNF:0
FNH:0
LF:0
LH:0
BRF:0
BRH:0
end_of_record
TN:
SF:src/styles/colors.js
FNF:0
FNH:0
LF:0
LH:0
BRF:0
BRH:0
end_of_record
